{
  "0 debug pnpm:scope": {
    "selected": 1
  },
  "1 error pnpm": {
    "code": "ELIFECYCLE",
    "errno": "ENOENT",
    "syscall": "spawn",
    "file": "sh",
    "pkgid": "next_stater@0.1.0",
    "stage": "lint",
    "script": "next lint",
    "pkgname": "next_stater",
    "err": {
      "name": "Error",
      "message": "next_stater@0.1.0 lint: `next lint`\nspawn ENOENT",
      "code": "ELIFECYCLE",
      "stack": "Error: next_stater@0.1.0 lint: `next lint`\nspawn ENOENT\n    at ChildProcess.<anonymous> (/Users/geraldfuchs/.node/corepack/pnpm/6.11.0/dist/pnpm.cjs:93073:22)\n    at ChildProcess.emit (node:events:519:28)\n    at maybeClose (node:internal/child_process:1105:16)\n    at ChildProcess._handle.onexit (node:internal/child_process:305:5)"
    }
  }
}